<?xml version="1.0" encoding="UTF-8"?>
<testsuite xmlns:xsi="http://www.w3.org/2001/XMLSchema-instance" xsi:noNamespaceSchemaLocation="https://maven.apache.org/surefire/maven-surefire-plugin/xsd/surefire-test-report-3.0.xsd" version="3.0" name="com.project.service.JPlagServiceTest" time="0.405" tests="7" errors="0" skipped="0" failures="0">
  <properties>
[...]
</properties>
  <testcase name="testRunJPlagTimeout" classname="com.project.service.JPlagServiceTest" time="0.313"/>
  <testcase name="testSimulatedDirtyReads" classname="com.project.service.JPlagServiceTest" time="0.007"/>
  <testcase name="testDirtyDataSimulation" classname="com.project.service.JPlagServiceTest" time="0.006"/>
  <testcase name="testSingleSubmissionSimulation" classname="com.project.service.JPlagServiceTest" time="0.003"/>
  <testcase name="testRunJPlagHappyPath" classname="com.project.service.JPlagServiceTest" time="0.003"/>
  <testcase name="testRunJPlagParallel" classname="com.project.service.JPlagServiceTest" time="0.005"/>
  <testcase name="testRunJPlagExceptionHandling" classname="com.project.service.JPlagServiceTest" time="0.003"/>
</testsuite>